c:\users\josh\documents\visual studio 2015\projects\textbasedgame\textbasedgame\debug\vc140.pdb
c:\users\josh\desktop\class shit\c++\textbasedgame\textbasedgame\debug\vc140.pdb
c:\users\josh\desktop\class shit\c++\textbasedgame\textbasedgame\debug\vc140.idb
c:\users\josh\desktop\class shit\c++\textbasedgame\textbasedgame\debug\enemy.obj
c:\users\josh\desktop\class shit\c++\textbasedgame\textbasedgame\debug\main.obj
c:\users\josh\desktop\class shit\c++\textbasedgame\textbasedgame\debug\player.obj
c:\users\josh\desktop\class shit\c++\textbasedgame\textbasedgame\debug\functions.obj
c:\users\josh\desktop\class shit\c++\textbasedgame\textbasedgame\debug\game.obj
c:\users\josh\desktop\class shit\c++\textbasedgame\textbasedgame\debug\dungeon.obj
c:\users\josh\desktop\class shit\c++\textbasedgame\textbasedgame\debug\fight.obj
c:\users\josh\documents\visual studio 2015\projects\textbasedgame\debug\textbasedgame.ilk
c:\users\josh\documents\visual studio 2015\projects\textbasedgame\debug\textbasedgame.exe
c:\users\josh\documents\visual studio 2015\projects\textbasedgame\debug\textbasedgame.pdb
c:\users\josh\desktop\class shit\c++\textbasedgame\debug\textbasedgame.ilk
c:\users\josh\desktop\class shit\c++\textbasedgame\debug\textbasedgame.exe
c:\users\josh\desktop\class shit\c++\textbasedgame\debug\textbasedgame.pdb
c:\users\josh\desktop\class shit\c++\textbasedgame\textbasedgame\debug\textbasedgame.tlog\cl.command.1.tlog
c:\users\josh\desktop\class shit\c++\textbasedgame\textbasedgame\debug\textbasedgame.tlog\cl.read.1.tlog
c:\users\josh\desktop\class shit\c++\textbasedgame\textbasedgame\debug\textbasedgame.tlog\cl.write.1.tlog
c:\users\josh\desktop\class shit\c++\textbasedgame\textbasedgame\debug\textbasedgame.tlog\link.command.1.tlog
c:\users\josh\desktop\class shit\c++\textbasedgame\textbasedgame\debug\textbasedgame.tlog\link.read.1.tlog
c:\users\josh\desktop\class shit\c++\textbasedgame\textbasedgame\debug\textbasedgame.tlog\link.write.1.tlog
